<?xml version="1.0" encoding="UTF-8"?>
<testsuite xmlns:xsi="http://www.w3.org/2001/XMLSchema-instance" xsi:noNamespaceSchemaLocation="https://maven.apache.org/surefire/maven-surefire-plugin/xsd/surefire-test-report.xsd" name="OperationTest" time="0.029" tests="7" errors="0" skipped="0" failures="0">
  <properties>
[...]
</properties>
  <testcase name="dividirTest1" classname="OperationTest" time="0.012"/>
  <testcase name="dividirTest2" classname="OperationTest" time="0"/>
  <testcase name="verificarImaridadTest" classname="OperationTest" time="0"/>
  <testcase name="sumFibonacciTest" classname="OperationTest" time="0.004"/>
  <testcase name="factorialTest1" classname="OperationTest" time="0.001"/>
  <testcase name="factorialTest2" classname="OperationTest" time="0.001"/>
  <testcase name="soloParesTest" classname="OperationTest" time="0"/>
</testsuite>